<?xml version="1.0" encoding="UTF-8"?>
<testng-results skipped="0" failed="0" ignored="0" total="1" passed="1">
  <reporter-output>
  </reporter-output>
  <suite name="Suite" duration-ms="96771" started-at="2018-09-03T10:06:23Z" finished-at="2018-09-03T10:08:00Z">
    <groups>
    </groups>
    <test name="Test" duration-ms="96771" started-at="2018-09-03T10:06:23Z" finished-at="2018-09-03T10:08:00Z">
      <class name="maven_testing_framework.framework.Main">
        <test-method status="PASS" signature="BeforeMain()[pri:0, instance:maven_testing_framework.framework.Main[,0,0,0x0,invalid,layout=java.awt.FlowLayout,alignmentX=0.0,alignmentY=0.0,border=,flags=9,maximumSize=,minimumSize=,preferredSize=]]" name="BeforeMain" is-config="true" duration-ms="1305" started-at="2018-09-03T10:06:23Z" finished-at="2018-09-03T10:06:25Z">
          <reporter-output>
          </reporter-output>
        </test-method> <!-- BeforeMain -->
        <test-method status="PASS" signature="mainControll()[pri:0, instance:maven_testing_framework.framework.Main[,0,0,0x0,invalid,layout=java.awt.FlowLayout,alignmentX=0.0,alignmentY=0.0,border=,flags=9,maximumSize=,minimumSize=,preferredSize=]]" name="mainControll" duration-ms="85373" started-at="2018-09-03T10:06:25Z" finished-at="2018-09-03T10:07:50Z">
          <reporter-output>
          </reporter-output>
        </test-method> <!-- mainControll -->
        <test-method status="PASS" signature="afterTest()[pri:0, instance:maven_testing_framework.framework.Main[,0,0,0x0,invalid,layout=java.awt.FlowLayout,alignmentX=0.0,alignmentY=0.0,border=,flags=9,maximumSize=,minimumSize=,preferredSize=]]" name="afterTest" is-config="true" duration-ms="10046" started-at="2018-09-03T10:07:50Z" finished-at="2018-09-03T10:08:00Z">
          <reporter-output>
          </reporter-output>
        </test-method> <!-- afterTest -->
      </class> <!-- maven_testing_framework.framework.Main -->
    </test> <!-- Test -->
  </suite> <!-- Suite -->
</testng-results>
