<?xml version="1.0" encoding="UTF-8"?>
<testng-results skipped="0" failed="0" ignored="0" total="1" passed="1">
  <reporter-output>
  </reporter-output>
  <suite name="Default suite" duration-ms="74995" started-at="2018-09-03T10:03:28Z" finished-at="2018-09-03T10:04:43Z">
    <groups>
    </groups>
    <test name="Default test" duration-ms="74995" started-at="2018-09-03T10:03:28Z" finished-at="2018-09-03T10:04:43Z">
      <class name="maven_testing_framework.framework.Main">
        <test-method status="PASS" signature="BeforeMain()[pri:0, instance:maven_testing_framework.framework.Main[,0,0,0x0,invalid,layout=java.awt.FlowLayout,alignmentX=0.0,alignmentY=0.0,border=,flags=9,maximumSize=,minimumSize=,preferredSize=]]" name="BeforeMain" is-config="true" duration-ms="1103" started-at="2018-09-03T10:03:28Z" finished-at="2018-09-03T10:03:29Z">
          <reporter-output>
          </reporter-output>
        </test-method> <!-- BeforeMain -->
        <test-method status="PASS" signature="mainControll()[pri:0, instance:maven_testing_framework.framework.Main[,0,0,0x0,invalid,layout=java.awt.FlowLayout,alignmentX=0.0,alignmentY=0.0,border=,flags=9,maximumSize=,minimumSize=,preferredSize=]]" name="mainControll" duration-ms="73723" started-at="2018-09-03T10:03:29Z" finished-at="2018-09-03T10:04:43Z">
          <reporter-output>
          </reporter-output>
        </test-method> <!-- mainControll -->
        <test-method status="PASS" signature="afterTest()[pri:0, instance:maven_testing_framework.framework.Main[,0,0,0x0,invalid,layout=java.awt.FlowLayout,alignmentX=0.0,alignmentY=0.0,border=,flags=9,maximumSize=,minimumSize=,preferredSize=]]" name="afterTest" is-config="true" duration-ms="69" started-at="2018-09-03T10:04:43Z" finished-at="2018-09-03T10:04:43Z">
          <reporter-output>
          </reporter-output>
        </test-method> <!-- afterTest -->
      </class> <!-- maven_testing_framework.framework.Main -->
    </test> <!-- Default test -->
  </suite> <!-- Default suite -->
</testng-results>
